%!Adobe-FontList 1.20
%Locale:0x412

%BeginFont
Handler:DirectoryHandler
FontType:TrueType
FontName:HandelGothic
FamilyName:Handel Gothic
StyleName:Regular
FullName:Handel Gothic
MenuName:Handel Gothic
StyleBits:0
WritingScript:Roman
OutlineFileName:D:\전여진\인프런\인프런_작업폴더\3단계_뮤자인\4. 반응형 이미지\Font\handel gothic.ttf
DataFormat:sfntData
hasSVG:no
VariableFontType:NonVariableFont
FileLength:22620
FileModTime:1583203360
WeightClass:500
WidthClass:5
AngleClass:0
NameArray:0,Mac,4,Handel Gothic
NameArray:0,Win,1,Handel Gothic
%EndFont

